[    0.000000] Linux version 4.15.0-101-generic (buildd@lgw01-amd64-003) (gcc version 7.5.0 (Ubuntu 7.5.0-3ubuntu1~18.04)) #102-Ubuntu SMP Mon May 11 10:07:26 UTC 2020 (Ubuntu 4.15.0-101.102-generic 4.15.18)
[    0.000000] Command line: BOOT_IMAGE=/boot/vmlinuz-4.15.0-101-generic root=LABEL=cloudimg-rootfs ro console=tty1 console=ttyS0
[    0.000000] KERNEL supported cpus:
[    0.000000]   Intel GenuineIntel
[    0.000000]   AMD AuthenticAMD
[    0.000000]   Centaur CentaurHauls
[    0.000000] x86/fpu: Supporting XSAVE feature 0x001: 'x87 floating point registers'
[    0.000000] x86/fpu: Supporting XSAVE feature 0x002: 'SSE registers'
[    0.000000] x86/fpu: Supporting XSAVE feature 0x004: 'AVX registers'
[    0.000000] x86/fpu: xstate_offset[2]:  576, xstate_sizes[2]:  256
[    0.000000] x86/fpu: Enabled xstate features 0x7, context size is 832 bytes, using 'standard' format.
[    0.000000] e820: BIOS-provided physical RAM map:
[    0.000000] BIOS-e820: [mem 0x0000000000000000-0x000000000009fbff] usable
[    0.000000] BIOS-e820: [mem 0x000000000009fc00-0x000000000009ffff] reserved
[    0.000000] BIOS-e820: [mem 0x00000000000f0000-0x00000000000fffff] reserved
[    0.000000] BIOS-e820: [mem 0x0000000000100000-0x000000003ffeffff] usable
[    0.000000] BIOS-e820: [mem 0x000000003fff0000-0x000000003fffffff] ACPI data
[    0.000000] BIOS-e820: [mem 0x00000000fec00000-0x00000000fec00fff] reserved
[    0.000000] BIOS-e820: [mem 0x00000000fee00000-0x00000000fee00fff] reserved
[    0.000000] BIOS-e820: [mem 0x00000000fffc0000-0x00000000ffffffff] reserved
[    0.000000] NX (Execute Disable) protection: active
[    0.000000] SMBIOS 2.5 present.
[    0.000000] DMI: innotek GmbH VirtualBox/VirtualBox, BIOS VirtualBox 12/01/2006
[    0.000000] Hypervisor detected: KVM
[    0.000000] e820: last_pfn = 0x3fff0 max_arch_pfn = 0x400000000
[    0.000000] MTRR: Disabled
[    0.000000] x86/PAT: MTRRs disabled, skipping PAT initialization too.
[    0.000000] CPU MTRRs all blank - virtualized system.
[    0.000000] x86/PAT: Configuration [0-7]: WB  WT  UC- UC  WB  WT  UC- UC  
[    0.000000] found SMP MP-table at [mem 0x0009fff0-0x0009ffff]
[    0.000000] Scanning 1 areas for low memory corruption
[    0.000000] RAMDISK: [mem 0x35a6f000-0x36d2efff]
[    0.000000] ACPI: Early table checksum verification disabled
[    0.000000] ACPI: RSDP 0x00000000000E0000 000024 (v02 VBOX  )
[    0.000000] ACPI: XSDT 0x000000003FFF0030 00003C (v01 VBOX   VBOXXSDT 00000001 ASL  00000061)
[    0.000000] ACPI: FACP 0x000000003FFF00F0 0000F4 (v04 VBOX   VBOXFACP 00000001 ASL  00000061)
[    0.000000] ACPI: DSDT 0x000000003FFF0470 002325 (v02 VBOX   VBOXBIOS 00000002 INTL 20100528)
[    0.000000] ACPI: FACS 0x000000003FFF0200 000040
[    0.000000] ACPI: FACS 0x000000003FFF0200 000040
[    0.000000] ACPI: APIC 0x000000003FFF0240 00005C (v02 VBOX   VBOXAPIC 00000001 ASL  00000061)
[    0.000000] ACPI: SSDT 0x000000003FFF02A0 0001CC (v01 VBOX   VBOXCPUT 00000002 INTL 20100528)
[    0.000000] No NUMA configuration found
[    0.000000] Faking a node at [mem 0x0000000000000000-0x000000003ffeffff]
[    0.000000] NODE_DATA(0) allocated [mem 0x3ffc5000-0x3ffeffff]
[    0.000000] kvm-clock: cpu 0, msr 0:3ff44001, primary cpu clock
[    0.000000] kvm-clock: Using msrs 4b564d01 and 4b564d00
[    0.000000] kvm-clock: using sched offset of 3817999414 cycles
[    0.000000] clocksource: kvm-clock: mask: 0xffffffffffffffff max_cycles: 0x1cd42e4dffb, max_idle_ns: 881590591483 ns
[    0.000000] Zone ranges:
[    0.000000]   DMA      [mem 0x0000000000001000-0x0000000000ffffff]
[    0.000000]   DMA32    [mem 0x0000000001000000-0x000000003ffeffff]
[    0.000000]   Normal   empty
[    0.000000]   Device   empty
[    0.000000] Movable zone start for each node
[    0.000000] Early memory node ranges
[    0.000000]   node   0: [mem 0x0000000000001000-0x000000000009efff]
[    0.000000]   node   0: [mem 0x0000000000100000-0x000000003ffeffff]
[    0.000000] Reserved but unavailable: 98 pages
[    0.000000] Initmem setup node 0 [mem 0x0000000000001000-0x000000003ffeffff]
[    0.000000] ACPI: PM-Timer IO Port: 0x4008
[    0.000000] IOAPIC[0]: apic_id 2, version 32, address 0xfec00000, GSI 0-23
[    0.000000] ACPI: INT_SRC_OVR (bus 0 bus_irq 0 global_irq 2 dfl dfl)
[    0.000000] ACPI: INT_SRC_OVR (bus 0 bus_irq 9 global_irq 9 low level)
[    0.000000] Using ACPI (MADT) for SMP configuration information
[    0.000000] smpboot: Allowing 2 CPUs, 0 hotplug CPUs
[    0.000000] PM: Registered nosave memory: [mem 0x00000000-0x00000fff]
[    0.000000] PM: Registered nosave memory: [mem 0x0009f000-0x0009ffff]
[    0.000000] PM: Registered nosave memory: [mem 0x000a0000-0x000effff]
[    0.000000] PM: Registered nosave memory: [mem 0x000f0000-0x000fffff]
[    0.000000] e820: [mem 0x40000000-0xfebfffff] available for PCI devices
[    0.000000] Booting paravirtualized kernel on KVM
[    0.000000] clocksource: refined-jiffies: mask: 0xffffffff max_cycles: 0xffffffff, max_idle_ns: 7645519600211568 ns
[    0.000000] random: get_random_bytes called from start_kernel+0x99/0x4fd with crng_init=0
[    0.000000] setup_percpu: NR_CPUS:8192 nr_cpumask_bits:2 nr_cpu_ids:2 nr_node_ids:1
[    0.000000] percpu: Embedded 45 pages/cpu s147456 r8192 d28672 u1048576
[    0.000000] PV qspinlock hash table entries: 256 (order: 0, 4096 bytes)
[    0.000000] Built 1 zonelists, mobility grouping on.  Total pages: 257913
[    0.000000] Policy zone: DMA32
[    0.000000] Kernel command line: BOOT_IMAGE=/boot/vmlinuz-4.15.0-101-generic root=LABEL=cloudimg-rootfs ro console=tty1 console=ttyS0
[    0.000000] Memory: 983068K/1048120K available (12300K kernel code, 2481K rwdata, 4268K rodata, 2432K init, 2712K bss, 65052K reserved, 0K cma-reserved)
[    0.000000] SLUB: HWalign=64, Order=0-3, MinObjects=0, CPUs=2, Nodes=1
[    0.000000] Kernel/User page tables isolation: enabled
[    0.000000] ftrace: allocating 39364 entries in 154 pages
[    0.004000] Hierarchical RCU implementation.
[    0.004000] 	RCU restricting CPUs from NR_CPUS=8192 to nr_cpu_ids=2.
[    0.004000] 	Tasks RCU enabled.
[    0.004000] RCU: Adjusting geometry for rcu_fanout_leaf=16, nr_cpu_ids=2
[    0.004000] NR_IRQS: 524544, nr_irqs: 440, preallocated irqs: 16
[    0.004000] Console: colour VGA+ 80x25
[    0.004000] console [tty1] enabled
[    0.004000] console [ttyS0] enabled
[    0.004000] ACPI: Core revision 20170831
[    0.004000] ACPI: 2 ACPI AML tables successfully acquired and loaded
[    0.004000] APIC: Switch to symmetric I/O mode setup
[    0.004000] x2apic enabled
[    0.004000] Switched APIC routing to physical x2apic.
[    0.004000] ..TIMER: vector=0x30 apic1=0 pin1=2 apic2=-1 pin2=-1
[    0.004004] tsc: Detected 1607.999 MHz processor
[    0.005024] Calibrating delay loop (skipped) preset value.. 3215.99 BogoMIPS (lpj=6431996)
[    0.005824] pid_max: default: 32768 minimum: 301
[    0.008033] Security Framework initialized
[    0.008949] Yama: becoming mindful.
[    0.009915] AppArmor: AppArmor initialized
[    0.012059] Dentry cache hash table entries: 131072 (order: 8, 1048576 bytes)
[    0.016089] Inode-cache hash table entries: 65536 (order: 7, 524288 bytes)
[    0.017587] Mount-cache hash table entries: 2048 (order: 2, 16384 bytes)
[    0.019023] Mountpoint-cache hash table entries: 2048 (order: 2, 16384 bytes)
[    0.020277] Last level iTLB entries: 4KB 64, 2MB 8, 4MB 8
[    0.021456] Last level dTLB entries: 4KB 64, 2MB 0, 4MB 0, 1GB 4
[    0.022750] Spectre V1 : Mitigation: usercopy/swapgs barriers and __user pointer sanitization
[    0.024005] Spectre V2 : Mitigation: Full generic retpoline
[    0.025256] Spectre V2 : Spectre v2 / SpectreRSB mitigation: Filling RSB on context switch
[    0.028002] Speculative Store Bypass: Vulnerable
[    0.029079] MDS: Mitigation: Clear CPU buffers
[    0.030242] Freeing SMP alternatives memory: 36K
[    0.141572] APIC calibration not consistent with PM-Timer: 98ms instead of 100ms
[    0.143964] APIC delta adjusted to PM-Timer: 6242934 (6177183)
[    0.144075] smpboot: CPU0: Intel(R) Core(TM) i5-8210Y CPU @ 1.60GHz (family: 0x6, model: 0x8e, stepping: 0x9)
[    0.146322] Performance Events: unsupported p6 CPU model 142 no PMU driver, software events only.
[    0.148000] Hierarchical SRCU implementation.
[    0.148607] NMI watchdog: Perf event create on CPU 0 failed with -2
[    0.149956] NMI watchdog: Perf NMI watchdog permanently disabled
[    0.151304] smp: Bringing up secondary CPUs ...
[    0.152090] x86: Booting SMP configuration:
[    0.153243] .... node  #0, CPUs:      #1
[    0.004000] kvm-clock: cpu 1, msr 0:3ff44041, secondary cpu clock
[    0.160022] smp: Brought up 1 node, 2 CPUs
[    0.161628] smpboot: Max logical packages: 1
[    0.163336] smpboot: Total of 2 processors activated (6431.99 BogoMIPS)
[    0.164144] devtmpfs: initialized
[    0.165376] x86/mm: Memory block size: 128MB
[    0.166471] evm: security.selinux
[    0.168003] evm: security.SMACK64
[    0.168770] evm: security.SMACK64EXEC
[    0.169606] evm: security.SMACK64TRANSMUTE
[    0.170742] evm: security.SMACK64MMAP
[    0.172003] evm: security.apparmor
[    0.172779] evm: security.ima
[    0.173464] evm: security.capability
[    0.174320] clocksource: jiffies: mask: 0xffffffff max_cycles: 0xffffffff, max_idle_ns: 7645041785100000 ns
[    0.176011] futex hash table entries: 512 (order: 3, 32768 bytes)
[    0.178623] pinctrl core: initialized pinctrl subsystem
[    0.180121] RTC time:  1:04:08, date: 06/17/20
[    0.181242] NET: Registered protocol family 16
[    0.183084] audit: initializing netlink subsys (disabled)
[    0.184041] audit: type=2000 audit(1592355853.758:1): state=initialized audit_enabled=0 res=1
[    0.185917] cpuidle: using governor ladder
[    0.188017] cpuidle: using governor menu
[    0.189560] ACPI: bus type PCI registered
[    0.190458] acpiphp: ACPI Hot Plug PCI Controller Driver version: 0.5
[    0.192126] PCI: Using configuration type 1 for base access
[    0.196057] HugeTLB registered 2.00 MiB page size, pre-allocated 0 pages
[    0.197508] ACPI: Added _OSI(Module Device)
[    0.197508] ACPI: Added _OSI(Processor Device)
[    0.200003] ACPI: Added _OSI(3.0 _SCP Extensions)
[    0.201038] ACPI: Added _OSI(Processor Aggregator Device)
[    0.202206] ACPI: Added _OSI(Linux-Dell-Video)
[    0.203190] ACPI: Added _OSI(Linux-Lenovo-NV-HDMI-Audio)
[    0.204002] ACPI: Added _OSI(Linux-HPI-Hybrid-Graphics)
[    0.205588] ACPI: Executed 1 blocks of module-level executable AML code
[    0.210506] ACPI: Interpreter enabled
[    0.212014] ACPI: (supports S0 S5)
[    0.212791] ACPI: Using IOAPIC for interrupt routing
[    0.214092] PCI: Using host bridge windows from ACPI; if necessary, use "pci=nocrs" and report a bug
[    0.216217] ACPI: Enabled 2 GPEs in block 00 to 07
[    0.224740] ACPI: PCI Root Bridge [PCI0] (domain 0000 [bus 00-ff])
[    0.226800] acpi PNP0A03:00: _OSC: OS supports [ASPM ClockPM Segments MSI]
[    0.228442] acpi PNP0A03:00: _OSC: not requesting OS control; OS requires [ExtendedConfig ASPM ClockPM MSI]
[    0.230537] acpi PNP0A03:00: fail to add MMCONFIG information, can't access extended PCI configuration space under this bridge.
[    0.232523] PCI host bridge to bus 0000:00
[    0.233655] pci_bus 0000:00: root bus resource [io  0x0000-0x0cf7 window]
[    0.236004] pci_bus 0000:00: root bus resource [io  0x0d00-0xffff window]
[    0.237458] pci_bus 0000:00: root bus resource [mem 0x000a0000-0x000bffff window]
[    0.240005] pci_bus 0000:00: root bus resource [mem 0x40000000-0xfdffffff window]
[    0.241650] pci_bus 0000:00: root bus resource [bus 00-ff]
[    0.246305] pci 0000:00:01.1: legacy IDE quirk: reg 0x10: [io  0x01f0-0x01f7]
[    0.248003] pci 0000:00:01.1: legacy IDE quirk: reg 0x14: [io  0x03f6]
[    0.249409] pci 0000:00:01.1: legacy IDE quirk: reg 0x18: [io  0x0170-0x0177]
[    0.250935] pci 0000:00:01.1: legacy IDE quirk: reg 0x1c: [io  0x0376]
[    0.269181] pci 0000:00:07.0: quirk: [io  0x4000-0x403f] claimed by PIIX4 ACPI
[    0.271821] pci 0000:00:07.0: quirk: [io  0x4100-0x410f] claimed by PIIX4 SMB
[    0.285431] ACPI: PCI Interrupt Link [LNKA] (IRQs 5 9 10 *11)
[    0.287581] ACPI: PCI Interrupt Link [LNKB] (IRQs 5 9 *10 11)
[    0.288143] ACPI: PCI Interrupt Link [LNKC] (IRQs 5 *9 10 11)
[    0.289621] ACPI: PCI Interrupt Link [LNKD] (IRQs 5 9 10 *11)
[    0.292404] SCSI subsystem initialized
[    0.293341] pci 0000:00:02.0: vgaarb: setting as boot VGA device
[    0.293756] pci 0000:00:02.0: vgaarb: VGA device added: decodes=io+mem,owns=io+mem,locks=none
[    0.296014] pci 0000:00:02.0: vgaarb: bridge control possible
[    0.297258] vgaarb: loaded
[    0.297926] ACPI: bus type USB registered
[    0.300021] usbcore: registered new interface driver usbfs
[    0.301223] usbcore: registered new interface driver hub
[    0.302414] usbcore: registered new device driver usb
[    0.303575] EDAC MC: Ver: 3.0.0
[    0.304333] PCI: Using ACPI for IRQ routing
[    0.305777] NetLabel: Initializing
[    0.307004] NetLabel:  domain hash size = 128
[    0.308003] NetLabel:  protocols = UNLABELED CIPSOv4 CALIPSO
[    0.309243] NetLabel:  unlabeled traffic allowed by default
[    0.310466] clocksource: Switched to clocksource kvm-clock
[    0.323189] VFS: Disk quotas dquot_6.6.0
[    0.324653] VFS: Dquot-cache hash table entries: 512 (order 0, 4096 bytes)
[    0.326230] AppArmor: AppArmor Filesystem Enabled
[    0.327298] pnp: PnP ACPI init
[    0.329693] pnp: PnP ACPI: found 3 devices
[    0.340200] clocksource: acpi_pm: mask: 0xffffff max_cycles: 0xffffff, max_idle_ns: 2085701024 ns
[    0.342955] NET: Registered protocol family 2
[    0.344507] TCP established hash table entries: 8192 (order: 4, 65536 bytes)
[    0.346075] TCP bind hash table entries: 8192 (order: 5, 131072 bytes)
[    0.348332] TCP: Hash tables configured (established 8192 bind 8192)
[    0.350297] UDP hash table entries: 512 (order: 2, 16384 bytes)
[    0.351593] UDP-Lite hash table entries: 512 (order: 2, 16384 bytes)
[    0.353361] NET: Registered protocol family 1
[    0.354345] pci 0000:00:00.0: Limiting direct PCI/PCI transfers
[    0.355662] pci 0000:00:01.0: Activating ISA DMA hang workarounds
[    0.357089] pci 0000:00:02.0: Video device with shadowed ROM at [mem 0x000c0000-0x000dffff]
[    0.359051] Unpacking initramfs...
[    0.646587] Freeing initrd memory: 19200K
[    0.648008] clocksource: tsc: mask: 0xffffffffffffffff max_cycles: 0x172da94f0e2, max_idle_ns: 440795278248 ns
[    0.650998] platform rtc_cmos: registered platform RTC device (no PNP device found)
[    0.657421] Scanning for low memory corruption every 60 seconds
[    0.660509] Initialise system trusted keyrings
[    0.661873] Key type blacklist registered
[    0.663482] workingset: timestamp_bits=36 max_order=18 bucket_order=0
[    0.668128] zbud: loaded
[    0.670575] squashfs: version 4.0 (2009/01/31) Phillip Lougher
[    0.673694] fuse init (API version 7.26)
[    0.683403] Key type asymmetric registered
[    0.685306] Asymmetric key parser 'x509' registered
[    0.687569] Block layer SCSI generic (bsg) driver version 0.4 loaded (major 246)
[    0.691087] io scheduler noop registered
[    0.693219] io scheduler deadline registered
[    0.695132] io scheduler cfq registered (default)
[    0.698239] ACPI: AC Adapter [AC] (off-line)
[    0.700463] input: Power Button as /devices/LNXSYSTM:00/LNXPWRBN:00/input/input0
[    0.703886] ACPI: Power Button [PWRF]
[    0.705931] input: Sleep Button as /devices/LNXSYSTM:00/LNXSLPBN:00/input/input1
[    0.708903] ACPI: Sleep Button [SLPF]
[    0.712352] Serial: 8250/16550 driver, 32 ports, IRQ sharing enabled
[    0.714732] ACPI: Battery Slot [BAT0] (battery present)
[    0.739337] 00:02: ttyS0 at I/O 0x3f8 (irq = 4, base_baud = 115200) is a 16550A
[    0.742604] Linux agpgart interface v0.103
[    0.745315] loop: module loaded
[    0.746959] scsi host0: ata_piix
[    0.748350] scsi host1: ata_piix
[    0.749339] ata1: PATA max UDMA/33 cmd 0x1f0 ctl 0x3f6 bmdma 0xd000 irq 14
[    0.750908] ata2: PATA max UDMA/33 cmd 0x170 ctl 0x376 bmdma 0xd008 irq 15
[    0.753312] libphy: Fixed MDIO Bus: probed
[    0.754423] tun: Universal TUN/TAP device driver, 1.6
[    0.756208] PPP generic driver version 2.4.2
[    0.757261] ehci_hcd: USB 2.0 'Enhanced' Host Controller (EHCI) Driver
[    0.758795] ehci-pci: EHCI PCI platform driver
[    0.760554] ehci-platform: EHCI generic platform driver
[    0.762064] ohci_hcd: USB 1.1 'Open' Host Controller (OHCI) Driver
[    0.763573] ohci-pci: OHCI PCI platform driver
[    0.764778] ohci-platform: OHCI generic platform driver
[    0.767303] uhci_hcd: USB Universal Host Controller Interface driver
[    0.769233] i8042: PNP: PS/2 Controller [PNP0303:PS2K,PNP0f03:PS2M] at 0x60,0x64 irq 1,12
[    0.772079] serio: i8042 KBD port at 0x60,0x64 irq 1
[    0.773250] serio: i8042 AUX port at 0x60,0x64 irq 12
[    0.774434] mousedev: PS/2 mouse device common for all mice
[    0.775881] input: AT Translated Set 2 keyboard as /devices/platform/i8042/serio0/input/input2
[    0.778352] rtc_cmos rtc_cmos: rtc core: registered rtc_cmos as rtc0
[    0.780654] rtc_cmos rtc_cmos: alarms up to one day, 114 bytes nvram
[    0.782029] i2c /dev entries driver
[    0.782882] device-mapper: uevent: version 1.0.3
[    0.784049] device-mapper: ioctl: 4.37.0-ioctl (2017-09-20) initialised: dm-devel@redhat.com
[    0.785983] ledtrig-cpu: registered to indicate activity on CPUs
[    0.787903] NET: Registered protocol family 10
[    0.792286] Segment Routing with IPv6
[    0.793152] NET: Registered protocol family 17
[    0.794205] Key type dns_resolver registered
[    0.795472] mce: Using 0 MCE banks
[    0.796951] RAS: Correctable Errors collector initialized.
[    0.798217] sched_clock: Marking stable (796917004, 0)->(963416793, -166499789)
[    0.801013] registered taskstats version 1
[    0.805185] Loading compiled-in X.509 certificates
[    0.809669] Loaded X.509 cert 'Build time autogenerated kernel key: 81757e40860ca54b8a45e323b66799c03c91a344'
[    0.811844] zswap: loaded using pool lzo/zbud
[    0.816283] Key type big_key registered
[    0.817173] Key type trusted registered
[    0.819785] Key type encrypted registered
[    0.820769] AppArmor: AppArmor sha1 policy hashing enabled
[    0.821979] ima: No TPM chip found, activating TPM-bypass! (rc=-19)
[    0.823322] ima: Allocated hash algorithm: sha1
[    0.824395] evm: HMAC attrs: 0x1
[    0.825495]   Magic number: 8:891:53
[    0.826406] rtc_cmos rtc_cmos: setting system clock to 2020-06-17 01:04:08 UTC (1592355848)
[    0.828326] BIOS EDD facility v0.16 2004-Jun-25, 0 devices found
[    0.829624] EDD information not available.
[    0.939210] Freeing unused kernel image memory: 2432K
[    0.949158] Write protecting the kernel read-only data: 20480k
[    0.952698] Freeing unused kernel image memory: 2008K
[    0.954378] Freeing unused kernel image memory: 1876K
[    0.962790] x86/mm: Checked W+X mappings: passed, no W+X pages found.
[    0.964702] x86/mm: Checking user space page tables
[    0.972417] x86/mm: Checked W+X mappings: passed, no W+X pages found.
Loading, please wait...
starting version 237
[    1.039060] e1000: Intel(R) PRO/1000 Network Driver - version 7.3.21-k8-NAPI
[    1.041220] e1000: Copyright (c) 1999-2006 Intel Corporation.
[    1.047916] Fusion MPT base driver 3.04.20
[    1.049005] Copyright (c) 1999-2008 LSI Corporation
[    1.056907] Fusion MPT SPI Host driver 3.04.20
[    1.067181] AVX2 version of gcm_enc/dec engaged.
[    1.068451] AES CTR mode by8 optimization enabled
[    1.284459] input: ImExPS/2 Generic Explorer Mouse as /devices/platform/i8042/serio1/input/input4
[    1.663774] e1000 0000:00:03.0 eth0: (PCI:33MHz:32-bit) 02:61:8b:71:e9:fe
[    1.666284] e1000 0000:00:03.0 eth0: Intel(R) PRO/1000 Network Connection
[    1.669740] mptbase: ioc0: Initiating bringup
[    2.113461] ioc0: LSI53C1030 A0: Capabilities={Initiator}
[    5.056660] scsi host2: ioc0: LSI53C1030 A0, FwRev=00000000h, Ports=1, MaxQ=256, IRQ=20
[    6.905026] scsi 2:0:0:0: Direct-Access     VBOX     HARDDISK         1.0  PQ: 0 ANSI: 5
[    7.158156] scsi target2:0:0: Beginning Domain Validation
[    7.166388] scsi target2:0:0: Domain Validation skipping write tests
[    7.171203] scsi target2:0:0: Ending Domain Validation
[    7.173321] scsi target2:0:0: asynchronous
[    7.175685] scsi 2:0:1:0: Direct-Access     VBOX     HARDDISK         1.0  PQ: 0 ANSI: 5
[    7.500709] scsi target2:0:1: Beginning Domain Validation
[    7.504621] random: fast init done
[    7.505793] scsi target2:0:1: Domain Validation skipping write tests
[    7.507168] scsi target2:0:1: Ending Domain Validation
[    7.508428] scsi target2:0:1: asynchronous
[    7.513742] random: systemd-udevd: uninitialized urandom read (16 bytes read)
[    7.513825] sd 2:0:0:0: Attached scsi generic sg0 type 0
[    7.515858] random: systemd-udevd: uninitialized urandom read (16 bytes read)
[    7.517256] sd 2:0:1:0: Attached scsi generic sg1 type 0
[    7.519237] random: systemd-udevd: uninitialized urandom read (16 bytes read)
[    7.527428] sd 2:0:0:0: [sda] 20971520 512-byte logical blocks: (10.7 GB/10.0 GiB)
[    7.530171] sd 2:0:1:0: [sdb] 20480 512-byte logical blocks: (10.5 MB/10.0 MiB)
[    7.531933] sd 2:0:1:0: [sdb] Write Protect is off
[    7.533444] sd 2:0:0:0: [sda] Write Protect is off
[    7.539522] sd 2:0:1:0: [sdb] Incomplete mode parameter data
[    7.541302] sd 2:0:1:0: [sdb] Assuming drive cache: write through
[    7.543240] sd 2:0:0:0: [sda] Incomplete mode parameter data
[    7.545924] sd 2:0:0:0: [sda] Assuming drive cache: write through
[    7.546014] e1000 0000:00:08.0 eth1: (PCI:33MHz:32-bit) 08:00:27:e2:aa:6f
[    7.550165] e1000 0000:00:08.0 eth1: Intel(R) PRO/1000 Network Connection
[    7.553463] e1000 0000:00:03.0 enp0s3: renamed from eth0
[    7.556485]  sda: sda1
[    7.558825] sd 2:0:1:0: [sdb] Attached SCSI disk
[    7.560156] sd 2:0:0:0: [sda] Attached SCSI disk
[    7.568712] e1000 0000:00:08.0 enp0s8: renamed from eth1
Begin: Loading essential drivers ... [    9.040247] raid6: sse2x1   gen() 12053 MB/s
[    9.088177] raid6: sse2x1   xor()  8569 MB/s
[    9.136025] raid6: sse2x2   gen() 14898 MB/s
[    9.184171] raid6: sse2x2   xor()  9428 MB/s
[    9.232198] raid6: sse2x4   gen() 16540 MB/s
[    9.280219] raid6: sse2x4   xor() 10042 MB/s
[    9.328254] raid6: avx2x1   gen() 24343 MB/s
[    9.376212] raid6: avx2x1   xor() 16913 MB/s
[    9.424240] raid6: avx2x2   gen() 27791 MB/s
[    9.472229] raid6: avx2x2   xor() 18344 MB/s
[    9.520197] raid6: avx2x4   gen() 33610 MB/s
[    9.568188] raid6: avx2x4   xor() 20666 MB/s
[    9.569971] raid6: using algorithm avx2x4 gen() 33610 MB/s
[    9.571216] raid6: .... xor() 20666 MB/s, rmw enabled
[    9.572433] raid6: using avx2x2 recovery algorithm
[    9.574970] xor: automatically using best checksumming function   avx       
[    9.578154] async_tx: api initialized (async)
done.
Begin: Running /scripts/init-premount ... done.
Begin: Mounting root file system ... Begin: Running /scripts/local-top ... done.
Begin: Running /scripts/local-premount ... [    9.664627] Btrfs loaded, crc32c=crc32c-intel
Scanning for Btrfs filesystems
done.
Warning: fsck not present, so skipping root file system
[    9.698865] EXT4-fs (sda1): mounted filesystem with ordered data mode. Opts: (null)
done.
Begin: Running /scripts/local-bottom ... done.
Begin: Running /scripts/init-bottom ... done.
[    9.831458] ip_tables: (C) 2000-2006 Netfilter Core Team
[    9.839073] systemd[1]: systemd 237 running in system mode. (+PAM +AUDIT +SELINUX +IMA +APPARMOR +SMACK +SYSVINIT +UTMP +LIBCRYPTSETUP +GCRYPT +GNUTLS +ACL +XZ +LZ4 +SECCOMP +BLKID +ELFUTILS +KMOD -IDN2 +IDN -PCRE2 default-hierarchy=hybrid)
[    9.844105] systemd[1]: Detected virtualization oracle.
[    9.845261] systemd[1]: Detected architecture x86-64.

Welcome to [1mUbuntu 18.04.4 LTS[0m!

[    9.850513] systemd[1]: Set hostname to <ubuntu>.
[    9.854615] systemd[1]: Initializing machine ID from random generator.
[    9.856589] systemd[1]: Installed transient /etc/machine-id file.
[   10.084597] systemd[1]: Set up automount Arbitrary Executable File Formats File System Automount Point.
[[0;32m  OK  [0m] Set up automount Arbitrary Executab…rmats File System Automount Point.
[   10.089977] systemd[1]: Created slice System Slice.
[[0;32m  OK  [0m] Created slice System Slice.
[   10.092565] systemd[1]: Listening on /dev/initctl Compatibility Named Pipe.
[[0;32m  OK  [0m] Listening on /dev/initctl Compatibility Named Pipe.
[   10.095959] systemd[1]: Listening on LVM2 poll daemon socket.
[[0;32m  OK  [0m] Listening on LVM2 poll daemon socket.
[[0;32m  OK  [0m] Listening on Journal Socket.
         Starting Remount Root and Kernel File Systems...
[   10.113463] EXT4-fs (sda1): re-mounted. Opts: (null)
[[0;32m  OK  [0m] Listening on udev Control Socket.
         Mounting POSIX Message Queue File System...
[[0;32m  OK  [0m] Listening on Network Service Netlink Socket.
[[0;32m  OK  [0m] Listening on Journal Socket (/dev/log).
         Starting Uncomplicated firewall...
[[0;32m  OK  [0m] Listening on LVM2 metadata daemon socket.
[[0;32m  OK  [0m] Listening on Device-mapper event daemon FIFOs.
         Starting Monitoring of LVM2 mirrors…ng dmeventd or progress polling...
         Mounting Huge Pages File System...
         Starting Create list of required st…ce nodes for the current kernel...
[[0;32m  OK  [0m] Reached target Swap.
[[0;32m  OK  [0m] Listening on Syslog Socket.
[[0;32m  OK  [0m] Listening on udev Kernel Socket.
         Starting udev Coldplug all Devices...
         Starting Set the console keyboard layout...
         Mounting Kernel Debug File System...
[[0;32m  OK  [0m] Listening on Journal Audit Socket.
         Starting Journal Service...
[[0;32m  OK  [0m] Reached target System Time Synchronized.
[[0;32m  OK  [0m] Reached target User and Group Name Lookups.
[[0;32m  OK  [0m] Created slice system-serial\x2dgetty.slice.
         Starting Load Kernel Modules...
[[0;32m  OK  [0m] Started Forward Password Requests to Wall Directory Watch.
[[0;32m  OK  [0m] Created slice User and Session Slice.
[[0;32m  OK  [0m] Reached target Slices.
[[0;32m  OK  [0m] Started Remount Root and Kernel File Systems.
[[0;32m  OK  [0m] Mounted POSIX Message Queue File System.
[[0;32m  OK  [0m] Started Uncomplicated firewall.
[[0;32m  OK  [0m] Mounted Huge Pages File System.
[[0;32m  OK  [0m] Started Create list of required sta…vice nodes for the current kernel.
[[0;32m  OK  [0m] Mounted Kernel Debug File System.
[[0;32m  OK  [0m] Started LVM2 metadata daemon.
[   10.231847] Loading iSCSI transport class v2.0-870.
         Starting Create Static Device Nodes in /dev...
         Starting Load/Save Random Seed...
[[0;32m  OK  [0m] Started Journal Service.
         Starting Flush Journal to Persistent Storage...
[[0;32m  OK  [0m] Started Monitoring of LVM2 mirrors,…sing dmeventd or progress polling.
[   10.269075] iscsi: registered transport (tcp)
[[0;32m  OK  [0m] Started udev Coldplug all Devices.
[   10.286686] iscsi: registered transport (iser)
[[0;32m  OK  [0m] Started Load Kernel Modules.
         Mounting Kernel Configuration File System...
         Mounting FUSE Control File System...
         Starting Apply Kernel Variables...
[[0;32m  OK  [0m] Mounted Kernel Configuration File System.
[[0;32m  OK  [0m] Mounted FUSE Control File System.
[[0;32m  OK  [0m] Started Load/Save Random Seed.
[   10.327095] systemd-journald[403]: Received request to flush runtime journal from PID 1
[[0;32m  OK  [0m] Started Apply Kernel Variables.
[[0;32m  OK  [0m] Started Create Static Device Nodes in /dev.
         Starting udev Kernel Device Manager...
[[0;32m  OK  [0m] Started Flush Journal to Persistent Storage.
[[0;32m  OK  [0m] Started udev Kernel Device Manager.
[[0;32m  OK  [0m] Found device /dev/ttyS0.
[[0;32m  OK  [0m] Listening on Load/Save RF Kill Switch Status /dev/rfkill Watch.
[[0;32m  OK  [0m] Started Set the console keyboard layout.
[[0;32m  OK  [0m] Started Dispatch Password Requests to Console Directory Watch.
[[0;32m  OK  [0m] Reached target Local Encrypted Volumes.
[[0;32m  OK  [0m] Reached target Local File Systems (Pre).
[[0;32m  OK  [0m] Reached target Local File Systems.
         Starting Create Volatile Files and Directories...
         Starting Commit a transient machine-id on disk...
         Starting Set console font and keymap...
         Starting AppArmor initialization...
         Starting ebtables ruleset management...
         Starting Tell Plymouth To Write Out Runtime Data...
[[0;32m  OK  [0m] Started Tell Plymouth To Write Out Runtime Data.
[[0;32m  OK  [0m] Started Create Volatile Files and Directories.
[[0;32m  OK  [0m] Started Commit a transient machine-id on disk.
         Starting Update UTMP about System Boot/Shutdown...
[[0;32m  OK  [0m] Started Update UTMP about System Boot/Shutdown.
[[0;32m  OK  [0m] Started ebtables ruleset management.
[[0;32m  OK  [0m] Started AppArmor initialization.
         Starting Initial cloud-init job (pre-networking)...
[[0;32m  OK  [0m] Started Set console font and keymap.
[   13.399544] cloud-init[776]: Cloud-init v. 19.4-33-gbb4131a2-0ubuntu1~18.04.1 running 'init-local' at Wed, 17 Jun 2020 01:04:20 +0000. Up 12.99 seconds.
[[0;32m  OK  [0m] Started Initial cloud-init job (pre-networking).
[[0;32m  OK  [0m] Reached target Network (Pre).
         Starting Network Service...
[[0;32m  OK  [0m] Started Network Service.
         Starting Wait for Network to be Configured...
         Starting Network Name Resolution...
[[0;32m  OK  [0m] Started Network Name Resolution.
[[0;32m  OK  [0m] Reached target Network.
[[0;32m  OK  [0m] Reached target Host and Network Name Lookups.
[[0;32m  OK  [0m] Started Wait for Network to be Configured.
         Starting Initial cloud-init job (metadata service crawler)...
[   15.979749] cloud-init[917]: Cloud-init v. 19.4-33-gbb4131a2-0ubuntu1~18.04.1 running 'init' at Wed, 17 Jun 2020 01:04:23 +0000. Up 15.83 seconds.
[   15.982241] cloud-init[917]: ci-info: ++++++++++++++++++++++++++++++++++++++Net device info+++++++++++++++++++++++++++++++++++++++
[   15.984039] cloud-init[917]: ci-info: +--------+-------+----------------------------+---------------+--------+-------------------+
[   15.985918] cloud-init[917]: ci-info: | Device |   Up  |          Address           |      Mask     | Scope  |     Hw-Address    |
[   15.987920] cloud-init[917]: ci-info: +--------+-------+----------------------------+---------------+--------+-------------------+
[   15.989755] cloud-init[917]: ci-info: | enp0s3 |  True |         10.0.2.15          | 255.255.255.0 | global | 02:61:8b:71:e9:fe |
[   15.992162] cloud-init[917]: ci-info: | enp0s3 |  True | fe80::61:8bff:fe71:e9fe/64 |       .       |  link  | 02:61:8b:71:e9:fe |
[   16.008419] cloud-init[917]: ci-info: | enp0s8 | False |             .              |       .       |   .    | 08:00:27:e2:aa:6f |
[   16.009817] cloud-init[917]: ci-info: |   lo   |  True |         127.0.0.1          |   255.0.0.0   |  host  |         .         |
[   16.011905] cloud-init[917]: ci-info: |   lo   |  True |          ::1/128           |       .       |  host  |         .         |
[   16.014114] cloud-init[917]: ci-info: +--------+-------+----------------------------+---------------+--------+-------------------+
[   16.016308] cloud-init[917]: ci-info: ++++++++++++++++++++++++++++Route IPv4 info+++++++++++++++++++++++++++++
[   16.018351] cloud-init[917]: ci-info: +-------+-------------+----------+-----------------+-----------+-------+
[   16.020254] cloud-init[917]: ci-info: | Route | Destination | Gateway  |     Genmask     | Interface | Flags |
[   16.021768] cloud-init[917]: ci-info: +-------+-------------+----------+-----------------+-----------+-------+
[   16.023340] cloud-init[917]: ci-info: |   0   |   0.0.0.0   | 10.0.2.2 |     0.0.0.0     |   enp0s3  |   UG  |
[   16.025413] cloud-init[917]: ci-info: |   1   |   10.0.2.0  | 0.0.0.0  |  255.255.255.0  |   enp0s3  |   U   |
[   16.027185] cloud-init[917]: ci-info: |   2   |   10.0.2.2  | 0.0.0.0  | 255.255.255.255 |   enp0s3  |   UH  |
[   16.029160] cloud-init[917]: ci-info: +-------+-------------+----------+-----------------+-----------+-------+
[   16.031149] cloud-init[917]: ci-info: +++++++++++++++++++Route IPv6 info+++++++++++++++++++
[   16.032711] cloud-init[917]: ci-info: +-------+-------------+---------+-----------+-------+
[   16.034420] cloud-init[917]: ci-info: | Route | Destination | Gateway | Interface | Flags |
[   16.035905] cloud-init[917]: ci-info: +-------+-------------+---------+-----------+-------+
[   16.037542] cloud-init[917]: ci-info: |   1   |  fe80::/64  |    ::   |   enp0s3  |   U   |
[   16.039120] cloud-init[917]: ci-info: |   3   |    local    |    ::   |   enp0s3  |   U   |
[   16.040649] cloud-init[917]: ci-info: |   4   |   ff00::/8  |    ::   |   enp0s3  |   U   |
[   16.042185] cloud-init[917]: ci-info: +-------+-------------+---------+-----------+-------+
[   18.120876] cloud-init[917]: Generating public/private rsa key pair.
[   18.121800] cloud-init[917]: Your identification has been saved in /etc/ssh/ssh_host_rsa_key.
[   18.123354] cloud-init[917]: Your public key has been saved in /etc/ssh/ssh_host_rsa_key.pub.
[   18.124947] cloud-init[917]: The key fingerprint is:
[   18.125839] cloud-init[917]: SHA256:fOQRPJ2kcs21xJl2imigq7Ha9C7M7rdugpp2DP5poV8 root@ubuntu-bionic
[   18.127460] cloud-init[917]: The key's randomart image is:
[   18.128312] cloud-init[917]: +---[RSA 2048]----+
[   18.129294] cloud-init[917]: |         ..o.ooo |
[   18.130035] cloud-init[917]: |        . o=oo=..|
[   18.130770] cloud-init[917]: |       ...=ooo.o |
[   18.131496] cloud-init[917]: |      .. =o.. .  |
[   18.132364] cloud-init[917]: |       .S.o      |
[   18.133163] cloud-init[917]: | . .. .  .       |
[   18.133909] cloud-init[917]: |. ++oE           |
[   18.135169] cloud-init[917]: | =.*X.o          |
[   18.135981] cloud-init[917]: |+.*B+B=.         |
[   18.136786] cloud-init[917]: +----[SHA256]-----+
[   18.137553] cloud-init[917]: Generating public/private dsa key pair.
[   18.138838] cloud-init[917]: Your identification has been saved in /etc/ssh/ssh_host_dsa_key.
[   18.140426] cloud-init[917]: Your public key has been saved in /etc/ssh/ssh_host_dsa_key.pub.
[   18.142038] cloud-init[917]: The key fingerprint is:
[   18.142899] cloud-init[917]: SHA256:NgE/4rquzMxvK+vPBByZ6WPblj8NcMDEv7Qk7z3DdD4 root@ubuntu-bionic
[   18.144455] cloud-init[917]: The key's randomart image is:
[   18.145456] cloud-init[917]: +---[DSA 1024]----+
[   18.146184] cloud-init[917]: |   +. .          |
[   18.146925] cloud-init[917]: |   ++  o         |
[   18.147929] cloud-init[917]: |  =  o. +        |
[   18.149024] cloud-init[917]: | o .o.=. o       |
[   18.149718] cloud-init[917]: |  *  B.oS        |
[   18.150423] cloud-init[917]: | . = o=....      |
[   18.151340] cloud-init[917]: |  . *. * o       |
[   18.152152] cloud-init[917]: | =.+.oo * E      |
[   18.152855] cloud-init[917]: | .OOB... o .     |
[   18.153533] cloud-init[917]: +----[SHA256]-----+
[   18.154162] cloud-init[917]: Generating public/private ecdsa key pair.
[   18.154946] cloud-init[917]: Your identification has been saved in /etc/ssh/ssh_host_ecdsa_key.
[   18.156290] cloud-init[917]: Your public key has been saved in /etc/ssh/ssh_host_ecdsa_key.pub.
[   18.157888] cloud-init[917]: The key fingerprint is:
[   18.158935] cloud-init[917]: SHA256:evz6wgvpf+41mrGrIqBD1HrONk5KRTtvdZaVjYWHuKg root@ubuntu-bionic
[   18.160657] cloud-init[917]: The key's randomart image is:
[   18.161718] cloud-init[917]: +---[ECDSA 256]---+
[   18.162621] cloud-init[917]: |          . o.   |
[   18.163533] cloud-init[917]: |         . o=.   |
[   18.164494] cloud-init[917]: |  ..    . .+..   |
[   18.165393] cloud-init[917]: | ....  . .o      |
[   18.166287] cloud-init[917]: |. .+  ..S+       |
[   18.167191] cloud-init[917]: | oo.oE.+o        |
[   18.184409] cloud-init[917]: |.o+o o+.o . o    |
[   18.185805] cloud-init[917]: |+ o=o..oo..* .   |
[   18.186873] cloud-init[917]: | oo....o=XX.     |
[   18.187751] cloud-init[917]: +----[SHA256]-----+
[   18.188967] cloud-init[917]: Generating public/private ed25519 key pair.
[   18.190429] cloud-init[917]: Your identification has been saved in /etc/ssh/ssh_host_ed25519_key.
[   18.192157] cloud-init[917]: Your public key has been saved in /etc/ssh/ssh_host_ed25519_key.pub.
[   18.193929] cloud-init[917]: The key fingerprint is:
[   18.194871] cloud-init[917]: SHA256:BWkudiuOLR87UlhKQTv3Q4A6Gvx0YnMVzzXzDe/ByEA root@ubuntu-bionic
[   18.196973] cloud-init[917]: The key's randomart image is:
[   18.198254] cloud-init[917]: +--[ED25519 256]--+
[   18.199256] cloud-init[917]: |   .....o..E .   |
[   18.199847] cloud-init[917]: |    o. o=.. * *  |
[   18.212916] cloud-init[917]: |.  .o.oo.o.  + = |
[   18.214018] cloud-init[917]: |..o=.=+oo.    . .|
[   18.214929] cloud-init[917]: | o+o== oS.     . |
[   18.237300] cloud-init[917]: |.  .o o ..       |
[   18.237421] cloud-init[917]: |     =..         |
[   18.239402] cloud-init[917]: |    + +o         |
[   18.240211] cloud-init[917]: |     +o.         |
[   18.241490] cloud-init[917]: +----[SHA256]-----+
[[0;32m  OK  [0m] Started Initial cloud-init job (metadata service crawler).
[[0;32m  OK  [0m] Reached target Network is Online.
[[0;32m  OK  [0m] Reached target Remote File Systems (Pre).
[[0;32m  OK  [0m] Reached target Remote File Systems.
         Starting Availability of block devices...
[[0;32m  OK  [0m] Reached target Cloud-config availability.
[[0;32m  OK  [0m] Reached target System Initialization.
         Starting LXD - unix socket.
[[0;32m  OK  [0m] Listening on Open-iSCSI iscsid Socket.
[[0;32m  OK  [0m] Started Discard unused blocks once a week.
[[0;32m  OK  [0m] Started Daily Cleanup of Temporary Directories.
[[0;32m  OK  [0m] Listening on D-Bus System Message Bus Socket.
[[0;32m  OK  [0m] Listening on ACPID Listen Socket.
         Starting Socket activation for snappy daemon.
[[0;32m  OK  [0m] Listening on UUID daemon activation socket.
[[0;32m  OK  [0m] Started Daily apt download activities.
[[0;32m  OK  [0m] Started Daily apt upgrade and clean activities.
[[0;32m  OK  [0m] Started Message of the Day.
[[0;32m  OK  [0m] Reached target Timers.
[[0;32m  OK  [0m] Started ACPI Events Check.
[[0;32m  OK  [0m] Reached target Paths.
[[0;32m  OK  [0m] Started Availability of block devices.
[[0;32m  OK  [0m] Listening on LXD - unix socket.
[[0;32m  OK  [0m] Listening on Socket activation for snappy daemon.
[[0;32m  OK  [0m] Reached target Sockets.
[[0;32m  OK  [0m] Reached target Basic System.
         Starting System Logging Service...
         Starting Login Service...
         Starting Pollinate to seed the pseudo random number generator...
         Starting Snappy daemon...
         Starting LSB: automatic crash report generation...
[[0;32m  OK  [0m] Started FUSE filesystem for LXC.
         Starting Dispatcher daemon for systemd-networkd...
[[0;32m  OK  [0m] Started D-Bus System Message Bus.
[[0;32m  OK  [0m] Started Login Service.
         Starting LSB: Record successful boot for GRUB...
         Starting Permit User Sessions...
[[0;32m  OK  [0m] Started Deferred execution scheduler.
         Starting Virtualbox guest utils...
[[0;32m  OK  [0m] Started Regular background program processing daemon.
[[0;32m  OK  [0m] Started irqbalance daemon.
         Starting Accounts Service...
[[0;32m  OK  [0m] Started Unattended Upgrades Shutdown.
         Starting LXD - container startup/shutdown...
[[0;32m  OK  [0m] Started System Logging Service.
[[0;32m  OK  [0m] Started Permit User Sessions.
         Starting Hold until boot process finishes up...
         Starting Terminate Plymouth Boot Screen...
[[0;32m  OK  [0m] Started Hold until boot process finishes up.
         Starting Set console scheme...
[[0;32m  OK  [0m] Started Serial Getty on ttyS0.
[[0;32m  OK  [0m] Started Terminate Plymouth Boot Screen.
[[0;32m  OK  [0m] Started Set console scheme.
[[0;32m  OK  [0m] Created slice system-getty.slice.
[[0;32m  OK  [0m] Started Getty on tty1.
[[0;32m  OK  [0m] Reached target Login Prompts.
[[0;32m  OK  [0m] Started LSB: automatic crash report generation.
[[0;32m  OK  [0m] Started LSB: Record successful boot for GRUB.
[[0;32m  OK  [0m] Started LXD - container startup/shutdown.
         Starting Authorization Manager...
[[0;32m  OK  [0m] Started Authorization Manager.
[[0;32m  OK  [0m] Started Accounts Service.
[[0;32m  OK  [0m] Started Virtualbox guest utils.
[[0;32m  OK  [0m] Started Dispatcher daemon for systemd-networkd.
[[0;32m  OK  [0m] Started Snappy daemon.
         Starting Wait until snapd is fully seeded...
[[0;32m  OK  [0m] Started Pollinate to seed the pseudo random number generator.
         Starting OpenBSD Secure Shell server...
[[0;32m  OK  [0m] Started OpenBSD Secure Shell server.
[[0;32m  OK  [0m] Created slice User Slice of vagrant.
         Starting User Manager for UID 1000...
[[0;32m  OK  [0m] Started Session 1 of user vagrant.
[[0;32m  OK  [0m] Started User Manager for UID 1000.
[[0;32m  OK  [0m] Started Session 3 of user vagrant.

Ubuntu 18.04.4 LTS ubuntu-bionic ttyS0

ubuntu-bionic login: [   27.299337] cloud-init[1866]: Cloud-init v. 19.4-33-gbb4131a2-0ubuntu1~18.04.1 running 'modules:config' at Wed, 17 Jun 2020 01:04:34 +0000. Up 26.60 seconds.
ci-info: no authorized SSH keys fingerprints found for user ubuntu.
<14>Jun 17 01:04:35 ec2: 
<14>Jun 17 01:04:35 ec2: #############################################################
<14>Jun 17 01:04:35 ec2: -----BEGIN SSH HOST KEY FINGERPRINTS-----
<14>Jun 17 01:04:35 ec2: 1024 SHA256:NgE/4rquzMxvK+vPBByZ6WPblj8NcMDEv7Qk7z3DdD4 root@ubuntu-bionic (DSA)
<14>Jun 17 01:04:35 ec2: 256 SHA256:evz6wgvpf+41mrGrIqBD1HrONk5KRTtvdZaVjYWHuKg root@ubuntu-bionic (ECDSA)
<14>Jun 17 01:04:35 ec2: 256 SHA256:BWkudiuOLR87UlhKQTv3Q4A6Gvx0YnMVzzXzDe/ByEA root@ubuntu-bionic (ED25519)
<14>Jun 17 01:04:35 ec2: 2048 SHA256:fOQRPJ2kcs21xJl2imigq7Ha9C7M7rdugpp2DP5poV8 root@ubuntu-bionic (RSA)
<14>Jun 17 01:04:35 ec2: -----END SSH HOST KEY FINGERPRINTS-----
<14>Jun 17 01:04:35 ec2: #############################################################
-----BEGIN SSH HOST KEY KEYS-----
ecdsa-sha2-nistp256 AAAAE2VjZHNhLXNoYTItbmlzdHAyNTYAAAAIbmlzdHAyNTYAAABBBPRxyQOp53bsiCt2tIickdaN75qqsGKzL/bWTI7PU1AVnZcYUj4UP+SFw+I4cmtp1c9GzdC1Nk4bw9Iw+W5t34s= root@ubuntu-bionic
ssh-ed25519 AAAAC3NzaC1lZDI1NTE5AAAAIACkGrw8aba27AY7M+6W4MObaN8MXcT+wSOtqau8a6Gz root@ubuntu-bionic
ssh-rsa AAAAB3NzaC1yc2EAAAADAQABAAABAQDCpj6KoBDSghKvdg6rZWId++4oSaP2pGBR8oB4TxHxefHdCnAWlO5ExT8B6ZHR4znEzBmcfYHhf8Y4rcqoOIQyFatHF9NGtSn2omRBqijPnnUq097AGMia7kbbLwLspiaq/zaXrbeS92Uisjud74pIYFfy0/af+9GbotNNc+8YmEhcYoJQpR5XvXaXkpWlN/VApjQKZtTUCAgCR54WCAXUxiLomskL4XYSGANeNbCJ/GFlzT4EGiHMBQoEro/VldSnoJuTy6H6xJ3o//MJcf+7QzaOzbGjz6pasiFH/bYnZQdHWyotK5SgpMmu95Nfx4dFXnpBQ+JYA6BKBlAe/fbP root@ubuntu-bionic
-----END SSH HOST KEY KEYS-----
[   27.952706] cloud-init[2034]: Cloud-init v. 19.4-33-gbb4131a2-0ubuntu1~18.04.1 running 'modules:final' at Wed, 17 Jun 2020 01:04:35 +0000. Up 27.76 seconds.
[   27.959305] cloud-init[2034]: ci-info: no authorized SSH keys fingerprints found for user ubuntu.
[   27.963279] cloud-init[2034]: Cloud-init v. 19.4-33-gbb4131a2-0ubuntu1~18.04.1 finished at Wed, 17 Jun 2020 01:04:35 +0000. Datasource DataSourceNoCloud [seed=/dev/sdb][dsmode=net].  Up 27.91 seconds
[[0;32m  OK  [0m] Stopped target Graphical Interface.
         Stopping Accounts Service...
[[0;32m  OK  [0m] Stopped target Cloud-init target.
         Stopping Availability of block devices...
[[0;32m  OK  [0m] Stopped target Timers.
[[0;32m  OK  [0m] Stopped Daily Cleanup of Temporary Directories.
[[0;32m  OK  [0m] Stopped Execute cloud user/final scripts.
[[0;32m  OK  [0m] Stopped Apply the settings specified in cloud-config.
[[0;32m  OK  [0m] Stopped target Multi-User System.
[[0;32m  OK  [0m] Stopped Wait until snapd is fully seeded.
         Stopping Regular background program processing daemon...
         Stopping LSB: Record successful boot for GRUB...
         Stopping Ubuntu FAN network setup...
         Stopping irqbalance daemon...
         Stopping D-Bus System Message Bus...
         Stopping Docker Application Container Engine...
         Stopping Authorization Manager...
         Stopping LSB: automatic crash report generation...
[[0;32m  OK  [0m] Stopped target Host and Network Name Lookups.
[[0;32m  OK  [0m] Stopped Daily apt upgrade and clean activities.
[[0;32m  OK  [0m] Stopped Daily apt download activities.
         Stopping FUSE filesystem for LXC...
[[0;32m  OK  [0m] Closed Load/Save RF Kill Switch Status /dev/rfkill Watch.
[[0;32m  OK  [0m] Stopped target Cloud-config availability.
         Stopping LXD - container startup/shutdown...
         Stopping Dispatcher daemon for systemd-networkd...
         Stopping Deferred execution scheduler...
[[0;32m  OK  [0m] Stopped target Login Prompts.
         Stopping Getty on tty1...
         Stopping Session 8 of user vagrant.
         Stopping User Manager for UID 1000...
         Stopping Serial Getty on ttyS0...
[[0;32m  OK  [0m] Stopped Discard unused blocks once a week.
         Stopping Virtualbox guest utils...
         Stopping OpenBSD Secure Shell server...
         Stopping System Logging Service...
[[0;32m  OK  [0m] Stopped Message of the Day.
[[0;32m  OK  [0m] Stopped target System Time Synchronized.
[[0;32m  OK  [0m] Unmounted /var/lib/lxcfs.
[[0;32m  OK  [0m] Stopped System Logging Service.
[[0;32m  OK  [0m] Stopped Dispatcher daemon for systemd-networkd.
[[0;32m  OK  [0m] Stopped Deferred execution scheduler.
[[0;32m  OK  [0m] Stopped Regular background program processing daemon.
[[0;32m  OK  [0m] Stopped irqbalance daemon.
[[0;32m  OK  [0m] Stopped Accounts Service.
[[0;32m  OK  [0m] Stopped Serial Getty on ttyS0.
[[0;32m  OK  [0m] Stopped Getty on tty1.
[[0;32m  OK  [0m] Stopped Authorization Manager.
[[0;32m  OK  [0m] Stopped OpenBSD Secure Shell server.
[[0;32m  OK  [0m] Stopped Docker Application Container Engine.
[[0;32m  OK  [0m] Stopped User Manager for UID 1000.
[[0;32m  OK  [0m] Stopped Availability of block devices.
[[0;32m  OK  [0m] Stopped D-Bus System Message Bus.
[[0;32m  OK  [0m] Stopped FUSE filesystem for LXC.
[[0;32m  OK  [0m] Stopped Session 8 of user vagrant.
[[0;32m  OK  [0m] Removed slice User Slice of vagrant.
         Stopping Login Service...
         Stopping containerd container runtime...
[[0;32m  OK  [0m] Removed slice system-getty.slice.
[[0;32m  OK  [0m] Removed slice system-serial\x2dgetty.slice.
         Stopping Permit User Sessions...
[[0;32m  OK  [0m] Stopped Ubuntu FAN network setup.
[[0;32m  OK  [0m] Stopped containerd container runtime.
[[0;32m  OK  [0m] Stopped LXD - container startup/shutdown.
[[0;32m  OK  [0m] Stopped target Network is Online.
[[0;32m  OK  [0m] Stopped Permit User Sessions.
[[0;32m  OK  [0m] Stopped target Network.
         Stopping Network Name Resolution...
[[0;32m  OK  [0m] Stopped LSB: Record successful boot for GRUB.
[[0;32m  OK  [0m] Stopped LSB: automatic crash report generation.
[[0;32m  OK  [0m] Stopped target Remote File Systems.
[[0;32m  OK  [0m] Stopped target Remote File Systems (Pre).
[[0;32m  OK  [0m] Stopped Network Name Resolution.
[[0;32m  OK  [0m] Stopped Login Service.
[[0;32m  OK  [0m] Stopped Virtualbox guest utils.
[[0;32m  OK  [0m] Stopped target User and Group Name Lookups.
[[0;32m  OK  [0m] Stopped target Basic System.
[[0;32m  OK  [0m] Stopped target Paths.
[[0;32m  OK  [0m] Stopped ACPI Events Check.
[[0;32m  OK  [0m] Stopped target Sockets.
[[0;32m  OK  [0m] Closed ACPID Listen Socket.
[[0;32m  OK  [0m] Closed Syslog Socket.
[[0;32m  OK  [0m] Closed LXD - unix socket.
[[0;32m  OK  [0m] Closed UUID daemon activation socket.
[[0;32m  OK  [0m] Closed D-Bus System Message Bus Socket.
[[0;32m  OK  [0m] Closed Open-iSCSI iscsid Socket.
[[0;32m  OK  [0m] Closed Socket activation for snappy daemon.
[[0;32m  OK  [0m] Closed Docker Socket for the API.
[[0;32m  OK  [0m] Stopped target System Initialization.
         Stopping Load/Save Random Seed...
[[0;32m  OK  [0m] Stopped Initial cloud-init job (metadata service crawler).
         Stopping Update UTMP about System Boot/Shutdown...
[[0;32m  OK  [0m] Stopped target Local Encrypted Volumes.
[[0;32m  OK  [0m] Stopped Forward Password Requests to Wall Directory Watch.
[[0;32m  OK  [0m] Stopped Dispatch Password Requests to Console Directory Watch.
[[0;32m  OK  [0m] Stopped Commit a transient machine-id on disk.
[[0;32m  OK  [0m] Stopped target Slices.
[[0;32m  OK  [0m] Removed slice User and Session Slice.
         Stopping Network Service...
[[0;32m  OK  [0m] Stopped Load/Save Random Seed.
[[0;32m  OK  [0m] Stopped Update UTMP about System Boot/Shutdown.
[[0;32m  OK  [0m] Stopped Create Volatile Files and Directories.
[[0;32m  OK  [0m] Stopped target Local File Systems.
         Unmounting /run/user/1000...
         Unmounting /vagrant...
[[0;32m  OK  [0m] Unmounted /vagrant.
[[0;32m  OK  [0m] Unmounted /run/user/1000.
[[0;32m  OK  [0m] Reached target Unmount All Filesystems.
[[0;32m  OK  [0m] Stopped target Local File Systems (Pre).
[[0;32m  OK  [0m] Stopped Create Static Device Nodes in /dev.
         Stopping Monitoring of LVM2 mirrors…ng dmeventd or progress polling...
[[0;32m  OK  [0m] Stopped target Swap.
[[0;32m  OK  [0m] Stopped Network Service.
[[0;32m  OK  [0m] Stopped target Network (Pre).
[[0;32m  OK  [0m] Stopped Initial cloud-init job (pre-networking).
[[0;32m  OK  [0m] Stopped Remount Root and Kernel File Systems.
[[0;32m  OK  [0m] Stopped Apply Kernel Variables.
[[0;32m  OK  [0m] Stopped Load Kernel Modules.
[[0;32m  OK  [0m] Reached target Shutdown.
[[0;32m  OK  [0m] Reached target Final Step.
         Starting Power-Off...
[[0;32m  OK  [0m] Stopped Monitoring of LVM2 mirrors,…sing dmeventd or progress polling.
         Stopping LVM2 metadata daemon...
[[0;32m  OK  [0m] Stopped LVM2 metadata daemon.
[ 3946.005561] reboot: Power down
